2018-02-04 15:36:40 - MOD: Modification Default

FILE: system/engine/action.php
REGEX: ~(require|include)(_once)?\(([^)]+)~
LINE: 41

FILE: system/engine/loader.php
REGEX: ~(require|include)(_once)?\(([^)]+)~
LINE: 49
LINE: 108
LINE: 120
LINE: 165

FILE: system/library/config.php
REGEX: ~(require|include)(_once)?\(([^)]+)~
LINE: 23

FILE: system/library/language.php
REGEX: ~(require|include)(_once)?\(([^)]+)~
LINE: 38
LINE: 40
LINE: 49
LINE: 51
LINE: 60
LINE: 62

FILE: system/library/template/php.php
REGEX: ~(require|include)(_once)?\(([^)]+)~
LINE: 18

FILE: system/library/template/tiwg.php
REGEX: ~(require|include)(_once)?\(([^)]+)~
LINE: 24
----------------------------------------------------------------
MOD: Tweak for OpenCart 2x Russkaya sborka

FILE: admin/view/template/common/header.tpl
CODE: <?php foreach ($links as $link) { ?>
LINE: 33
CODE: <li><a href="http://www.opencart.com" target="_blank"><?php echo $text_homepage; ?></a></li>
LINE: 81
CODE: <li><a href="http://docs.opencart.com" target="_blank"><?php echo $text_documentation; ?></a></li>
LINE: 84
CODE: <li><a href="http://forum.opencart.com" target="_blank"><?php echo $text_support; ?></a></li>
LINE: 87

FILE: admin/view/template/catalog/product_form.tpl
CODE: <label class="col-sm-2 control-label" for="input-sku"><span data-toggle="tooltip" title="<?php echo $help_sku; ?>"><?php echo $entry_sku; ?></span></label>
LINE: 109
CODE: <label class="col-sm-2 control-label" for="input-sku">
LINE: 115
CODE: <label class="col-sm-2 control-label" for="input-location"><?php echo $entry_location; ?></label>
LINE: 155
CODE: <input type="text" name="model" value="<?php echo $model; ?>" placeholder="<?php echo $entry_model; ?>" id="input-model" class="form-control" />
LINE: 101

FILE: admin/view/template/tool/backup.tpl
CODE: <input type="file" name="import" id="input-import" />
LINE: 36

FILE: admin/controller/common/filemanager.php
CODE: $this->load->language('common/filemanager');
LINE: 13
CODE: // Parent
LINE: 148
CODE: $pagination = new Pagination();
LINE: 209
CODE: $directory = rtrim(DIR_IMAGE . 'catalog/' . str_replace('*', '', $this->request->get['directory']), '/');
LINE: 33
CODE: public function index() {
LINE: 10
CODE: $filename = basename(html_entity_decode($file['name'], ENT_QUOTES, 'UTF-8'));
LINE: 272
CODE: $folder = basename(html_entity_decode($this->request->post['folder'], ENT_QUOTES, 'UTF-8'));
LINE: 352
CODE: $filter_name = rtrim(str_replace('*', '', $this->request->get['filter_name']), '/');
LINE: 31
CODE: if (substr(str_replace('\\', '/', realpath($directory . '/' . $filter_name)), 0, strlen(DIR_IMAGE . 'catalog')) == DIR_IMAGE . 'catalog') {
LINE: 61

FILE: admin/view/template/common/filemanager.tpl
CODE: <?php foreach (array_chunk($images, 4) as $image) { ?>
LINE: 34

FILE: catalog/controller/tool/upload.php
CODE: public function index() {
LINE: 10
CODE: $filename = basename(preg_replace('/[^a-zA-Z0-9\.\-\s+]/', '', html_entity_decode($this->request->files['file']['name'], ENT_QUOTES, 'UTF-8')));
LINE: 17
CODE: <script type="text/javascript" src="view/javascript/summernote/summernote.js"></script>
LINE: 939

FILE: admin/view/template/catalog/information_form.tpl
CODE: <script type="text/javascript" src="view/javascript/summernote/summernote.js"></script>
LINE: 209

FILE: admin/view/template/catalog/category_form.tpl
CODE: <script type="text/javascript" src="view/javascript/summernote/summernote.js"></script>
LINE: 241

FILE: admin/view/template/extension/module/html.tpl
CODE: <script type="text/javascript" src="view/javascript/summernote/summernote.js"></script>
LINE: 80

FILE: admin/view/template/marketing/contact.tpl
CODE: <script type="text/javascript" src="view/javascript/summernote/summernote.js"></script>
LINE: 95

FILE: admin/view/template/extension/extension.tpl
CODE: <?php echo $header; ?><?php echo $column_left; ?>
LINE: 1

FILE: admin/controller/common/column_left.php
CODE: $data['lastname'] = $user_info['lastname'];
LINE: 17
CODE: $data['lastname'] = '';
LINE: 31

FILE: system/library/pagination.php
CODE: $output .= '<li><a href="' . str_replace(array('&amp;page={page}', '&page={page}'), '', $this->url) . '">' . $this->text_first . '</a></li>';
LINE: 35
CODE: $output .= '<li><a href="' . str_replace(array('&amp;page={page}', '&page={page}'), '', $this->url) . '">' . $this->text_prev . '</a></li>';
LINE: 40
CODE: $output .= '<li><a href="' . str_replace(array('&amp;page={page}', '&page={page}'), '', $this->url) . '">' . $i . '</a></li>';
LINE: 72

FILE: catalog/controller/startup/startup.php
CODE: $this->registry->set('openbay', new Openbay($this->registry));
LINE: 196

FILE: catalog/controller/information/contact.php
CODE: $mail->setFrom($this->request->post['email']);
LINE: 20
----------------------------------------------------------------
2018-02-04 15:36:51 - MOD: Modification Default

FILE: system/engine/action.php
REGEX: ~(require|include)(_once)?\(([^)]+)~
LINE: 41

FILE: system/engine/loader.php
REGEX: ~(require|include)(_once)?\(([^)]+)~
LINE: 49
LINE: 108
LINE: 120
LINE: 165

FILE: system/library/config.php
REGEX: ~(require|include)(_once)?\(([^)]+)~
LINE: 23

FILE: system/library/language.php
REGEX: ~(require|include)(_once)?\(([^)]+)~
LINE: 38
LINE: 40
LINE: 49
LINE: 51
LINE: 60
LINE: 62

FILE: system/library/template/php.php
REGEX: ~(require|include)(_once)?\(([^)]+)~
LINE: 18

FILE: system/library/template/tiwg.php
REGEX: ~(require|include)(_once)?\(([^)]+)~
LINE: 24
----------------------------------------------------------------
MOD: Tweak for OpenCart 2x Russkaya sborka

FILE: admin/view/template/common/header.tpl
CODE: <?php foreach ($links as $link) { ?>
LINE: 33
CODE: <li><a href="http://www.opencart.com" target="_blank"><?php echo $text_homepage; ?></a></li>
LINE: 81
CODE: <li><a href="http://docs.opencart.com" target="_blank"><?php echo $text_documentation; ?></a></li>
LINE: 84
CODE: <li><a href="http://forum.opencart.com" target="_blank"><?php echo $text_support; ?></a></li>
LINE: 87

FILE: admin/view/template/catalog/product_form.tpl
CODE: <label class="col-sm-2 control-label" for="input-sku"><span data-toggle="tooltip" title="<?php echo $help_sku; ?>"><?php echo $entry_sku; ?></span></label>
LINE: 109
CODE: <label class="col-sm-2 control-label" for="input-sku">
LINE: 115
CODE: <label class="col-sm-2 control-label" for="input-location"><?php echo $entry_location; ?></label>
LINE: 155
CODE: <input type="text" name="model" value="<?php echo $model; ?>" placeholder="<?php echo $entry_model; ?>" id="input-model" class="form-control" />
LINE: 101

FILE: admin/view/template/tool/backup.tpl
CODE: <input type="file" name="import" id="input-import" />
LINE: 36

FILE: admin/controller/common/filemanager.php
CODE: $this->load->language('common/filemanager');
LINE: 13
CODE: // Parent
LINE: 148
CODE: $pagination = new Pagination();
LINE: 209
CODE: $directory = rtrim(DIR_IMAGE . 'catalog/' . str_replace('*', '', $this->request->get['directory']), '/');
LINE: 33
CODE: public function index() {
LINE: 10
CODE: $filename = basename(html_entity_decode($file['name'], ENT_QUOTES, 'UTF-8'));
LINE: 272
CODE: $folder = basename(html_entity_decode($this->request->post['folder'], ENT_QUOTES, 'UTF-8'));
LINE: 352
CODE: $filter_name = rtrim(str_replace('*', '', $this->request->get['filter_name']), '/');
LINE: 31
CODE: if (substr(str_replace('\\', '/', realpath($directory . '/' . $filter_name)), 0, strlen(DIR_IMAGE . 'catalog')) == DIR_IMAGE . 'catalog') {
LINE: 61

FILE: admin/view/template/common/filemanager.tpl
CODE: <?php foreach (array_chunk($images, 4) as $image) { ?>
LINE: 34

FILE: catalog/controller/tool/upload.php
CODE: public function index() {
LINE: 10
CODE: $filename = basename(preg_replace('/[^a-zA-Z0-9\.\-\s+]/', '', html_entity_decode($this->request->files['file']['name'], ENT_QUOTES, 'UTF-8')));
LINE: 17
CODE: <script type="text/javascript" src="view/javascript/summernote/summernote.js"></script>
LINE: 939

FILE: admin/view/template/catalog/information_form.tpl
CODE: <script type="text/javascript" src="view/javascript/summernote/summernote.js"></script>
LINE: 209

FILE: admin/view/template/catalog/category_form.tpl
CODE: <script type="text/javascript" src="view/javascript/summernote/summernote.js"></script>
LINE: 241

FILE: admin/view/template/extension/module/html.tpl
CODE: <script type="text/javascript" src="view/javascript/summernote/summernote.js"></script>
LINE: 80

FILE: admin/view/template/marketing/contact.tpl
CODE: <script type="text/javascript" src="view/javascript/summernote/summernote.js"></script>
LINE: 95

FILE: admin/view/template/extension/extension.tpl
CODE: <?php echo $header; ?><?php echo $column_left; ?>
LINE: 1

FILE: admin/controller/common/column_left.php
CODE: $data['lastname'] = $user_info['lastname'];
LINE: 17
CODE: $data['lastname'] = '';
LINE: 31

FILE: system/library/pagination.php
CODE: $output .= '<li><a href="' . str_replace(array('&amp;page={page}', '&page={page}'), '', $this->url) . '">' . $this->text_first . '</a></li>';
LINE: 35
CODE: $output .= '<li><a href="' . str_replace(array('&amp;page={page}', '&page={page}'), '', $this->url) . '">' . $this->text_prev . '</a></li>';
LINE: 40
CODE: $output .= '<li><a href="' . str_replace(array('&amp;page={page}', '&page={page}'), '', $this->url) . '">' . $i . '</a></li>';
LINE: 72

FILE: catalog/controller/startup/startup.php
CODE: $this->registry->set('openbay', new Openbay($this->registry));
LINE: 196

FILE: catalog/controller/information/contact.php
CODE: $mail->setFrom($this->request->post['email']);
LINE: 20
----------------------------------------------------------------
2018-02-04 15:48:10 - MOD: Modification Default

FILE: system/engine/action.php
REGEX: ~(require|include)(_once)?\(([^)]+)~
LINE: 41

FILE: system/engine/loader.php
REGEX: ~(require|include)(_once)?\(([^)]+)~
LINE: 49
LINE: 108
LINE: 120
LINE: 165

FILE: system/library/config.php
REGEX: ~(require|include)(_once)?\(([^)]+)~
LINE: 23

FILE: system/library/language.php
REGEX: ~(require|include)(_once)?\(([^)]+)~
LINE: 38
LINE: 40
LINE: 49
LINE: 51
LINE: 60
LINE: 62

FILE: system/library/template/php.php
REGEX: ~(require|include)(_once)?\(([^)]+)~
LINE: 18

FILE: system/library/template/tiwg.php
REGEX: ~(require|include)(_once)?\(([^)]+)~
LINE: 24
----------------------------------------------------------------
MOD: Tweak for OpenCart 2x Russkaya sborka

FILE: admin/view/template/common/header.tpl
CODE: <?php foreach ($links as $link) { ?>
LINE: 33
CODE: <li><a href="http://www.opencart.com" target="_blank"><?php echo $text_homepage; ?></a></li>
LINE: 81
CODE: <li><a href="http://docs.opencart.com" target="_blank"><?php echo $text_documentation; ?></a></li>
LINE: 84
CODE: <li><a href="http://forum.opencart.com" target="_blank"><?php echo $text_support; ?></a></li>
LINE: 87

FILE: admin/view/template/catalog/product_form.tpl
CODE: <label class="col-sm-2 control-label" for="input-sku"><span data-toggle="tooltip" title="<?php echo $help_sku; ?>"><?php echo $entry_sku; ?></span></label>
LINE: 109
CODE: <label class="col-sm-2 control-label" for="input-sku">
LINE: 115
CODE: <label class="col-sm-2 control-label" for="input-location"><?php echo $entry_location; ?></label>
LINE: 155
CODE: <input type="text" name="model" value="<?php echo $model; ?>" placeholder="<?php echo $entry_model; ?>" id="input-model" class="form-control" />
LINE: 101

FILE: admin/view/template/tool/backup.tpl
CODE: <input type="file" name="import" id="input-import" />
LINE: 36

FILE: admin/controller/common/filemanager.php
CODE: $this->load->language('common/filemanager');
LINE: 13
CODE: // Parent
LINE: 148
CODE: $pagination = new Pagination();
LINE: 209
CODE: $directory = rtrim(DIR_IMAGE . 'catalog/' . str_replace('*', '', $this->request->get['directory']), '/');
LINE: 33
CODE: public function index() {
LINE: 10
CODE: $filename = basename(html_entity_decode($file['name'], ENT_QUOTES, 'UTF-8'));
LINE: 272
CODE: $folder = basename(html_entity_decode($this->request->post['folder'], ENT_QUOTES, 'UTF-8'));
LINE: 352
CODE: $filter_name = rtrim(str_replace('*', '', $this->request->get['filter_name']), '/');
LINE: 31
CODE: if (substr(str_replace('\\', '/', realpath($directory . '/' . $filter_name)), 0, strlen(DIR_IMAGE . 'catalog')) == DIR_IMAGE . 'catalog') {
LINE: 61

FILE: admin/view/template/common/filemanager.tpl
CODE: <?php foreach (array_chunk($images, 4) as $image) { ?>
LINE: 34

FILE: catalog/controller/tool/upload.php
CODE: public function index() {
LINE: 10
CODE: $filename = basename(preg_replace('/[^a-zA-Z0-9\.\-\s+]/', '', html_entity_decode($this->request->files['file']['name'], ENT_QUOTES, 'UTF-8')));
LINE: 17
CODE: <script type="text/javascript" src="view/javascript/summernote/summernote.js"></script>
LINE: 939

FILE: admin/view/template/catalog/information_form.tpl
CODE: <script type="text/javascript" src="view/javascript/summernote/summernote.js"></script>
LINE: 209

FILE: admin/view/template/catalog/category_form.tpl
CODE: <script type="text/javascript" src="view/javascript/summernote/summernote.js"></script>
LINE: 241

FILE: admin/view/template/extension/module/html.tpl
CODE: <script type="text/javascript" src="view/javascript/summernote/summernote.js"></script>
LINE: 80

FILE: admin/view/template/marketing/contact.tpl
CODE: <script type="text/javascript" src="view/javascript/summernote/summernote.js"></script>
LINE: 95

FILE: admin/view/template/extension/extension.tpl
CODE: <?php echo $header; ?><?php echo $column_left; ?>
LINE: 1

FILE: admin/controller/common/column_left.php
CODE: $data['lastname'] = $user_info['lastname'];
LINE: 17
CODE: $data['lastname'] = '';
LINE: 31

FILE: system/library/pagination.php
CODE: $output .= '<li><a href="' . str_replace(array('&amp;page={page}', '&page={page}'), '', $this->url) . '">' . $this->text_first . '</a></li>';
LINE: 35
CODE: $output .= '<li><a href="' . str_replace(array('&amp;page={page}', '&page={page}'), '', $this->url) . '">' . $this->text_prev . '</a></li>';
LINE: 40
CODE: $output .= '<li><a href="' . str_replace(array('&amp;page={page}', '&page={page}'), '', $this->url) . '">' . $i . '</a></li>';
LINE: 72

FILE: catalog/controller/startup/startup.php
CODE: $this->registry->set('openbay', new Openbay($this->registry));
LINE: 196

FILE: catalog/controller/information/contact.php
CODE: $mail->setFrom($this->request->post['email']);
LINE: 20
----------------------------------------------------------------
2018-02-04 16:00:51 - MOD: Modification Default

FILE: system/engine/action.php
REGEX: ~(require|include)(_once)?\(([^)]+)~
LINE: 41

FILE: system/engine/loader.php
REGEX: ~(require|include)(_once)?\(([^)]+)~
LINE: 49
LINE: 108
LINE: 120
LINE: 165

FILE: system/library/config.php
REGEX: ~(require|include)(_once)?\(([^)]+)~
LINE: 23

FILE: system/library/language.php
REGEX: ~(require|include)(_once)?\(([^)]+)~
LINE: 38
LINE: 40
LINE: 49
LINE: 51
LINE: 60
LINE: 62

FILE: system/library/template/php.php
REGEX: ~(require|include)(_once)?\(([^)]+)~
LINE: 18

FILE: system/library/template/tiwg.php
REGEX: ~(require|include)(_once)?\(([^)]+)~
LINE: 24
----------------------------------------------------------------
MOD: Tweak for OpenCart 2x Russkaya sborka

FILE: admin/view/template/common/header.tpl
CODE: <?php foreach ($links as $link) { ?>
LINE: 33
CODE: <li><a href="http://www.opencart.com" target="_blank"><?php echo $text_homepage; ?></a></li>
LINE: 81
CODE: <li><a href="http://docs.opencart.com" target="_blank"><?php echo $text_documentation; ?></a></li>
LINE: 84
CODE: <li><a href="http://forum.opencart.com" target="_blank"><?php echo $text_support; ?></a></li>
LINE: 87

FILE: admin/view/template/catalog/product_form.tpl
CODE: <label class="col-sm-2 control-label" for="input-sku"><span data-toggle="tooltip" title="<?php echo $help_sku; ?>"><?php echo $entry_sku; ?></span></label>
LINE: 109
CODE: <label class="col-sm-2 control-label" for="input-sku">
LINE: 115
CODE: <label class="col-sm-2 control-label" for="input-location"><?php echo $entry_location; ?></label>
LINE: 155
CODE: <input type="text" name="model" value="<?php echo $model; ?>" placeholder="<?php echo $entry_model; ?>" id="input-model" class="form-control" />
LINE: 101

FILE: admin/view/template/tool/backup.tpl
CODE: <input type="file" name="import" id="input-import" />
LINE: 36

FILE: admin/controller/common/filemanager.php
CODE: $this->load->language('common/filemanager');
LINE: 13
CODE: // Parent
LINE: 148
CODE: $pagination = new Pagination();
LINE: 209
CODE: $directory = rtrim(DIR_IMAGE . 'catalog/' . str_replace('*', '', $this->request->get['directory']), '/');
LINE: 33
CODE: public function index() {
LINE: 10
CODE: $filename = basename(html_entity_decode($file['name'], ENT_QUOTES, 'UTF-8'));
LINE: 272
CODE: $folder = basename(html_entity_decode($this->request->post['folder'], ENT_QUOTES, 'UTF-8'));
LINE: 352
CODE: $filter_name = rtrim(str_replace('*', '', $this->request->get['filter_name']), '/');
LINE: 31
CODE: if (substr(str_replace('\\', '/', realpath($directory . '/' . $filter_name)), 0, strlen(DIR_IMAGE . 'catalog')) == DIR_IMAGE . 'catalog') {
LINE: 61

FILE: admin/view/template/common/filemanager.tpl
CODE: <?php foreach (array_chunk($images, 4) as $image) { ?>
LINE: 34

FILE: catalog/controller/tool/upload.php
CODE: public function index() {
LINE: 10
CODE: $filename = basename(preg_replace('/[^a-zA-Z0-9\.\-\s+]/', '', html_entity_decode($this->request->files['file']['name'], ENT_QUOTES, 'UTF-8')));
LINE: 17
CODE: <script type="text/javascript" src="view/javascript/summernote/summernote.js"></script>
LINE: 939

FILE: admin/view/template/catalog/information_form.tpl
CODE: <script type="text/javascript" src="view/javascript/summernote/summernote.js"></script>
LINE: 209

FILE: admin/view/template/catalog/category_form.tpl
CODE: <script type="text/javascript" src="view/javascript/summernote/summernote.js"></script>
LINE: 241

FILE: admin/view/template/extension/module/html.tpl
CODE: <script type="text/javascript" src="view/javascript/summernote/summernote.js"></script>
LINE: 80

FILE: admin/view/template/marketing/contact.tpl
CODE: <script type="text/javascript" src="view/javascript/summernote/summernote.js"></script>
LINE: 95

FILE: admin/view/template/extension/extension.tpl
CODE: <?php echo $header; ?><?php echo $column_left; ?>
LINE: 1

FILE: admin/controller/common/column_left.php
CODE: $data['lastname'] = $user_info['lastname'];
LINE: 17
CODE: $data['lastname'] = '';
LINE: 31

FILE: system/library/pagination.php
CODE: $output .= '<li><a href="' . str_replace(array('&amp;page={page}', '&page={page}'), '', $this->url) . '">' . $this->text_first . '</a></li>';
LINE: 35
CODE: $output .= '<li><a href="' . str_replace(array('&amp;page={page}', '&page={page}'), '', $this->url) . '">' . $this->text_prev . '</a></li>';
LINE: 40
CODE: $output .= '<li><a href="' . str_replace(array('&amp;page={page}', '&page={page}'), '', $this->url) . '">' . $i . '</a></li>';
LINE: 72

FILE: catalog/controller/startup/startup.php
CODE: $this->registry->set('openbay', new Openbay($this->registry));
LINE: 196

FILE: catalog/controller/information/contact.php
CODE: $mail->setFrom($this->request->post['email']);
LINE: 20
----------------------------------------------------------------
2018-02-04 16:09:17 - MOD: Modification Default

FILE: system/engine/action.php
REGEX: ~(require|include)(_once)?\(([^)]+)~
LINE: 41

FILE: system/engine/loader.php
REGEX: ~(require|include)(_once)?\(([^)]+)~
LINE: 49
LINE: 108
LINE: 120
LINE: 165

FILE: system/library/config.php
REGEX: ~(require|include)(_once)?\(([^)]+)~
LINE: 23

FILE: system/library/language.php
REGEX: ~(require|include)(_once)?\(([^)]+)~
LINE: 38
LINE: 40
LINE: 49
LINE: 51
LINE: 60
LINE: 62

FILE: system/library/template/php.php
REGEX: ~(require|include)(_once)?\(([^)]+)~
LINE: 18

FILE: system/library/template/tiwg.php
REGEX: ~(require|include)(_once)?\(([^)]+)~
LINE: 24
----------------------------------------------------------------
MOD: Tweak for OpenCart 2x Russkaya sborka

FILE: admin/view/template/common/header.tpl
CODE: <?php foreach ($links as $link) { ?>
LINE: 33
CODE: <li><a href="http://www.opencart.com" target="_blank"><?php echo $text_homepage; ?></a></li>
LINE: 81
CODE: <li><a href="http://docs.opencart.com" target="_blank"><?php echo $text_documentation; ?></a></li>
LINE: 84
CODE: <li><a href="http://forum.opencart.com" target="_blank"><?php echo $text_support; ?></a></li>
LINE: 87

FILE: admin/view/template/catalog/product_form.tpl
CODE: <label class="col-sm-2 control-label" for="input-sku"><span data-toggle="tooltip" title="<?php echo $help_sku; ?>"><?php echo $entry_sku; ?></span></label>
LINE: 109
CODE: <label class="col-sm-2 control-label" for="input-sku">
LINE: 115
CODE: <label class="col-sm-2 control-label" for="input-location"><?php echo $entry_location; ?></label>
LINE: 155
CODE: <input type="text" name="model" value="<?php echo $model; ?>" placeholder="<?php echo $entry_model; ?>" id="input-model" class="form-control" />
LINE: 101

FILE: admin/view/template/tool/backup.tpl
CODE: <input type="file" name="import" id="input-import" />
LINE: 36

FILE: admin/controller/common/filemanager.php
CODE: $this->load->language('common/filemanager');
LINE: 13
CODE: // Parent
LINE: 148
CODE: $pagination = new Pagination();
LINE: 209
CODE: $directory = rtrim(DIR_IMAGE . 'catalog/' . str_replace('*', '', $this->request->get['directory']), '/');
LINE: 33
CODE: public function index() {
LINE: 10
CODE: $filename = basename(html_entity_decode($file['name'], ENT_QUOTES, 'UTF-8'));
LINE: 272
CODE: $folder = basename(html_entity_decode($this->request->post['folder'], ENT_QUOTES, 'UTF-8'));
LINE: 352
CODE: $filter_name = rtrim(str_replace('*', '', $this->request->get['filter_name']), '/');
LINE: 31
CODE: if (substr(str_replace('\\', '/', realpath($directory . '/' . $filter_name)), 0, strlen(DIR_IMAGE . 'catalog')) == DIR_IMAGE . 'catalog') {
LINE: 61

FILE: admin/view/template/common/filemanager.tpl
CODE: <?php foreach (array_chunk($images, 4) as $image) { ?>
LINE: 34

FILE: catalog/controller/tool/upload.php
CODE: public function index() {
LINE: 10
CODE: $filename = basename(preg_replace('/[^a-zA-Z0-9\.\-\s+]/', '', html_entity_decode($this->request->files['file']['name'], ENT_QUOTES, 'UTF-8')));
LINE: 17
CODE: <script type="text/javascript" src="view/javascript/summernote/summernote.js"></script>
LINE: 939

FILE: admin/view/template/catalog/information_form.tpl
CODE: <script type="text/javascript" src="view/javascript/summernote/summernote.js"></script>
LINE: 209

FILE: admin/view/template/catalog/category_form.tpl
CODE: <script type="text/javascript" src="view/javascript/summernote/summernote.js"></script>
LINE: 241

FILE: admin/view/template/extension/module/html.tpl
CODE: <script type="text/javascript" src="view/javascript/summernote/summernote.js"></script>
LINE: 80

FILE: admin/view/template/marketing/contact.tpl
CODE: <script type="text/javascript" src="view/javascript/summernote/summernote.js"></script>
LINE: 95

FILE: admin/view/template/extension/extension.tpl
CODE: <?php echo $header; ?><?php echo $column_left; ?>
LINE: 1

FILE: admin/controller/common/column_left.php
CODE: $data['lastname'] = $user_info['lastname'];
LINE: 17
CODE: $data['lastname'] = '';
LINE: 31

FILE: system/library/pagination.php
CODE: $output .= '<li><a href="' . str_replace(array('&amp;page={page}', '&page={page}'), '', $this->url) . '">' . $this->text_first . '</a></li>';
LINE: 35
CODE: $output .= '<li><a href="' . str_replace(array('&amp;page={page}', '&page={page}'), '', $this->url) . '">' . $this->text_prev . '</a></li>';
LINE: 40
CODE: $output .= '<li><a href="' . str_replace(array('&amp;page={page}', '&page={page}'), '', $this->url) . '">' . $i . '</a></li>';
LINE: 72

FILE: catalog/controller/startup/startup.php
CODE: $this->registry->set('openbay', new Openbay($this->registry));
LINE: 196

FILE: catalog/controller/information/contact.php
CODE: $mail->setFrom($this->request->post['email']);
LINE: 20
----------------------------------------------------------------
MOD: One page checkout

FILE: catalog/controller/common/cart.php
CODE: $data['checkout'] = $this->url->link('checkout/checkout', '', true);
LINE: 140

FILE: catalog/controller/common/header.php
CODE: $data['checkout'] = $this->url->link('checkout/checkout', '', true);
LINE: 83

FILE: catalog/controller/checkout/cart.php
CODE: $data['checkout'] = $this->url->link('checkout/checkout', '', true);
LINE: 235
----------------------------------------------------------------
2018-02-04 16:13:28 - MOD: Modification Default

FILE: system/engine/action.php
REGEX: ~(require|include)(_once)?\(([^)]+)~
LINE: 41

FILE: system/engine/loader.php
REGEX: ~(require|include)(_once)?\(([^)]+)~
LINE: 49
LINE: 108
LINE: 120
LINE: 165

FILE: system/library/config.php
REGEX: ~(require|include)(_once)?\(([^)]+)~
LINE: 23

FILE: system/library/language.php
REGEX: ~(require|include)(_once)?\(([^)]+)~
LINE: 38
LINE: 40
LINE: 49
LINE: 51
LINE: 60
LINE: 62

FILE: system/library/template/php.php
REGEX: ~(require|include)(_once)?\(([^)]+)~
LINE: 18

FILE: system/library/template/tiwg.php
REGEX: ~(require|include)(_once)?\(([^)]+)~
LINE: 24
----------------------------------------------------------------
MOD: Tweak for OpenCart 2x Russkaya sborka

FILE: admin/view/template/common/header.tpl
CODE: <?php foreach ($links as $link) { ?>
LINE: 33
CODE: <li><a href="http://www.opencart.com" target="_blank"><?php echo $text_homepage; ?></a></li>
LINE: 81
CODE: <li><a href="http://docs.opencart.com" target="_blank"><?php echo $text_documentation; ?></a></li>
LINE: 84
CODE: <li><a href="http://forum.opencart.com" target="_blank"><?php echo $text_support; ?></a></li>
LINE: 87

FILE: admin/view/template/catalog/product_form.tpl
CODE: <label class="col-sm-2 control-label" for="input-sku"><span data-toggle="tooltip" title="<?php echo $help_sku; ?>"><?php echo $entry_sku; ?></span></label>
LINE: 109
CODE: <label class="col-sm-2 control-label" for="input-sku">
LINE: 115
CODE: <label class="col-sm-2 control-label" for="input-location"><?php echo $entry_location; ?></label>
LINE: 155
CODE: <input type="text" name="model" value="<?php echo $model; ?>" placeholder="<?php echo $entry_model; ?>" id="input-model" class="form-control" />
LINE: 101

FILE: admin/view/template/tool/backup.tpl
CODE: <input type="file" name="import" id="input-import" />
LINE: 36

FILE: admin/controller/common/filemanager.php
CODE: $this->load->language('common/filemanager');
LINE: 13
CODE: // Parent
LINE: 148
CODE: $pagination = new Pagination();
LINE: 209
CODE: $directory = rtrim(DIR_IMAGE . 'catalog/' . str_replace('*', '', $this->request->get['directory']), '/');
LINE: 33
CODE: public function index() {
LINE: 10
CODE: $filename = basename(html_entity_decode($file['name'], ENT_QUOTES, 'UTF-8'));
LINE: 272
CODE: $folder = basename(html_entity_decode($this->request->post['folder'], ENT_QUOTES, 'UTF-8'));
LINE: 352
CODE: $filter_name = rtrim(str_replace('*', '', $this->request->get['filter_name']), '/');
LINE: 31
CODE: if (substr(str_replace('\\', '/', realpath($directory . '/' . $filter_name)), 0, strlen(DIR_IMAGE . 'catalog')) == DIR_IMAGE . 'catalog') {
LINE: 61

FILE: admin/view/template/common/filemanager.tpl
CODE: <?php foreach (array_chunk($images, 4) as $image) { ?>
LINE: 34

FILE: catalog/controller/tool/upload.php
CODE: public function index() {
LINE: 10
CODE: $filename = basename(preg_replace('/[^a-zA-Z0-9\.\-\s+]/', '', html_entity_decode($this->request->files['file']['name'], ENT_QUOTES, 'UTF-8')));
LINE: 17
CODE: <script type="text/javascript" src="view/javascript/summernote/summernote.js"></script>
LINE: 939

FILE: admin/view/template/catalog/information_form.tpl
CODE: <script type="text/javascript" src="view/javascript/summernote/summernote.js"></script>
LINE: 209

FILE: admin/view/template/catalog/category_form.tpl
CODE: <script type="text/javascript" src="view/javascript/summernote/summernote.js"></script>
LINE: 241

FILE: admin/view/template/extension/module/html.tpl
CODE: <script type="text/javascript" src="view/javascript/summernote/summernote.js"></script>
LINE: 80

FILE: admin/view/template/marketing/contact.tpl
CODE: <script type="text/javascript" src="view/javascript/summernote/summernote.js"></script>
LINE: 95

FILE: admin/view/template/extension/extension.tpl
CODE: <?php echo $header; ?><?php echo $column_left; ?>
LINE: 1

FILE: admin/controller/common/column_left.php
CODE: $data['lastname'] = $user_info['lastname'];
LINE: 17
CODE: $data['lastname'] = '';
LINE: 31

FILE: system/library/pagination.php
CODE: $output .= '<li><a href="' . str_replace(array('&amp;page={page}', '&page={page}'), '', $this->url) . '">' . $this->text_first . '</a></li>';
LINE: 35
CODE: $output .= '<li><a href="' . str_replace(array('&amp;page={page}', '&page={page}'), '', $this->url) . '">' . $this->text_prev . '</a></li>';
LINE: 40
CODE: $output .= '<li><a href="' . str_replace(array('&amp;page={page}', '&page={page}'), '', $this->url) . '">' . $i . '</a></li>';
LINE: 72

FILE: catalog/controller/startup/startup.php
CODE: $this->registry->set('openbay', new Openbay($this->registry));
LINE: 196

FILE: catalog/controller/information/contact.php
CODE: $mail->setFrom($this->request->post['email']);
LINE: 20
----------------------------------------------------------------
MOD: Fix Filter Opencart 2.x

FILE: catalog/model/catalog/product.php
CODE: $sql .= " AND pf.filter_id IN (" . implode(',', $implode) . ")";
LINE: 129
LINE: 520
CODE: $sql .= " AND p.manufacturer_id = '" . (int)$data['filter_manufacturer_id'] . "'";
LINE: 196
LINE: 597
----------------------------------------------------------------
MOD: One page checkout

FILE: catalog/controller/common/cart.php
CODE: $data['checkout'] = $this->url->link('checkout/checkout', '', true);
LINE: 140

FILE: catalog/controller/common/header.php
CODE: $data['checkout'] = $this->url->link('checkout/checkout', '', true);
LINE: 83

FILE: catalog/controller/checkout/cart.php
CODE: $data['checkout'] = $this->url->link('checkout/checkout', '', true);
LINE: 235
----------------------------------------------------------------
2018-02-04 16:16:50 - MOD: Modification Default

FILE: system/engine/action.php
REGEX: ~(require|include)(_once)?\(([^)]+)~
LINE: 41

FILE: system/engine/loader.php
REGEX: ~(require|include)(_once)?\(([^)]+)~
LINE: 49
LINE: 108
LINE: 120
LINE: 165

FILE: system/library/config.php
REGEX: ~(require|include)(_once)?\(([^)]+)~
LINE: 23

FILE: system/library/language.php
REGEX: ~(require|include)(_once)?\(([^)]+)~
LINE: 38
LINE: 40
LINE: 49
LINE: 51
LINE: 60
LINE: 62

FILE: system/library/template/php.php
REGEX: ~(require|include)(_once)?\(([^)]+)~
LINE: 18

FILE: system/library/template/tiwg.php
REGEX: ~(require|include)(_once)?\(([^)]+)~
LINE: 24
----------------------------------------------------------------
MOD: Tweak for OpenCart 2x Russkaya sborka

FILE: admin/view/template/common/header.tpl
CODE: <?php foreach ($links as $link) { ?>
LINE: 33
CODE: <li><a href="http://www.opencart.com" target="_blank"><?php echo $text_homepage; ?></a></li>
LINE: 81
CODE: <li><a href="http://docs.opencart.com" target="_blank"><?php echo $text_documentation; ?></a></li>
LINE: 84
CODE: <li><a href="http://forum.opencart.com" target="_blank"><?php echo $text_support; ?></a></li>
LINE: 87

FILE: admin/view/template/catalog/product_form.tpl
CODE: <label class="col-sm-2 control-label" for="input-sku"><span data-toggle="tooltip" title="<?php echo $help_sku; ?>"><?php echo $entry_sku; ?></span></label>
LINE: 109
CODE: <label class="col-sm-2 control-label" for="input-sku">
LINE: 115
CODE: <label class="col-sm-2 control-label" for="input-location"><?php echo $entry_location; ?></label>
LINE: 155
CODE: <input type="text" name="model" value="<?php echo $model; ?>" placeholder="<?php echo $entry_model; ?>" id="input-model" class="form-control" />
LINE: 101

FILE: admin/view/template/tool/backup.tpl
CODE: <input type="file" name="import" id="input-import" />
LINE: 36

FILE: admin/controller/common/filemanager.php
CODE: $this->load->language('common/filemanager');
LINE: 13
CODE: // Parent
LINE: 148
CODE: $pagination = new Pagination();
LINE: 209
CODE: $directory = rtrim(DIR_IMAGE . 'catalog/' . str_replace('*', '', $this->request->get['directory']), '/');
LINE: 33
CODE: public function index() {
LINE: 10
CODE: $filename = basename(html_entity_decode($file['name'], ENT_QUOTES, 'UTF-8'));
LINE: 272
CODE: $folder = basename(html_entity_decode($this->request->post['folder'], ENT_QUOTES, 'UTF-8'));
LINE: 352
CODE: $filter_name = rtrim(str_replace('*', '', $this->request->get['filter_name']), '/');
LINE: 31
CODE: if (substr(str_replace('\\', '/', realpath($directory . '/' . $filter_name)), 0, strlen(DIR_IMAGE . 'catalog')) == DIR_IMAGE . 'catalog') {
LINE: 61

FILE: admin/view/template/common/filemanager.tpl
CODE: <?php foreach (array_chunk($images, 4) as $image) { ?>
LINE: 34

FILE: catalog/controller/tool/upload.php
CODE: public function index() {
LINE: 10
CODE: $filename = basename(preg_replace('/[^a-zA-Z0-9\.\-\s+]/', '', html_entity_decode($this->request->files['file']['name'], ENT_QUOTES, 'UTF-8')));
LINE: 17
CODE: <script type="text/javascript" src="view/javascript/summernote/summernote.js"></script>
LINE: 939

FILE: admin/view/template/catalog/information_form.tpl
CODE: <script type="text/javascript" src="view/javascript/summernote/summernote.js"></script>
LINE: 209

FILE: admin/view/template/catalog/category_form.tpl
CODE: <script type="text/javascript" src="view/javascript/summernote/summernote.js"></script>
LINE: 241

FILE: admin/view/template/extension/module/html.tpl
CODE: <script type="text/javascript" src="view/javascript/summernote/summernote.js"></script>
LINE: 80

FILE: admin/view/template/marketing/contact.tpl
CODE: <script type="text/javascript" src="view/javascript/summernote/summernote.js"></script>
LINE: 95

FILE: admin/view/template/extension/extension.tpl
CODE: <?php echo $header; ?><?php echo $column_left; ?>
LINE: 1

FILE: admin/controller/common/column_left.php
CODE: $data['lastname'] = $user_info['lastname'];
LINE: 17
CODE: $data['lastname'] = '';
LINE: 31

FILE: system/library/pagination.php
CODE: $output .= '<li><a href="' . str_replace(array('&amp;page={page}', '&page={page}'), '', $this->url) . '">' . $this->text_first . '</a></li>';
LINE: 35
CODE: $output .= '<li><a href="' . str_replace(array('&amp;page={page}', '&page={page}'), '', $this->url) . '">' . $this->text_prev . '</a></li>';
LINE: 40
CODE: $output .= '<li><a href="' . str_replace(array('&amp;page={page}', '&page={page}'), '', $this->url) . '">' . $i . '</a></li>';
LINE: 72

FILE: catalog/controller/startup/startup.php
CODE: $this->registry->set('openbay', new Openbay($this->registry));
LINE: 196

FILE: catalog/controller/information/contact.php
CODE: $mail->setFrom($this->request->post['email']);
LINE: 20
----------------------------------------------------------------
MOD: Export/Import Tool (V3.20) for OpenCart 2.x
CODE: if ($this->user->hasPermission('access', 'tool/log')) {
LINE: 641

FILE: admin/language/en-gb/common/column_left.php
CODE: $_['text_backup']
LINE: 9

FILE: admin/language/ru-ru/common/column_left.php
CODE: $_['text_backup']
LINE: 9
----------------------------------------------------------------
MOD: Fast Order modification

FILE: catalog/view/theme/default/template/product/product.tpl
CODE: <button type="button" id="button-cart" data-loading-text="<?php echo $text_loading; ?>" class="btn btn-primary btn-lg btn-block"><?php echo $button_cart; ?></button>
LINE: 300

FILE: catalog/controller/product/product.php
CODE: $this->model_catalog_product->updateViewed($this->request->get['product_id']);
LINE: 472

FILE: catalog/view/theme/default/template/product/category.tpl
CODE: <div class="button-group">
LINE: 135

FILE: catalog/controller/product/category.php
CODE: 'rating'      => $result['rating'],
LINE: 224
CODE: if (file_exists(DIR_TEMPLATE . $this->config->get('config_template') . '/template/product/category.tpl'))
NOT FOUND - OPERATIONS ABORTED!

FILE: catalog/view/theme/default/template/common/footer.tpl
CODE: </body>
LINE: 74
----------------------------------------------------------------
MOD: Fix Filter Opencart 2.x

FILE: catalog/model/catalog/product.php
CODE: $sql .= " AND pf.filter_id IN (" . implode(',', $implode) . ")";
LINE: 129
LINE: 520
CODE: $sql .= " AND p.manufacturer_id = '" . (int)$data['filter_manufacturer_id'] . "'";
LINE: 196
LINE: 597
----------------------------------------------------------------
MOD: One page checkout

FILE: catalog/controller/common/cart.php
CODE: $data['checkout'] = $this->url->link('checkout/checkout', '', true);
LINE: 140

FILE: catalog/controller/common/header.php
CODE: $data['checkout'] = $this->url->link('checkout/checkout', '', true);
LINE: 83

FILE: catalog/controller/checkout/cart.php
CODE: $data['checkout'] = $this->url->link('checkout/checkout', '', true);
LINE: 235
----------------------------------------------------------------
2018-02-15 16:18:36 - MOD: Modification Default

FILE: system/engine/action.php
REGEX: ~(require|include)(_once)?\(([^)]+)~
LINE: 41

FILE: system/engine/loader.php
REGEX: ~(require|include)(_once)?\(([^)]+)~
LINE: 49
LINE: 108
LINE: 120
LINE: 165

FILE: system/library/config.php
REGEX: ~(require|include)(_once)?\(([^)]+)~
LINE: 23

FILE: system/library/language.php
REGEX: ~(require|include)(_once)?\(([^)]+)~
LINE: 38
LINE: 40
LINE: 49
LINE: 51
LINE: 60
LINE: 62

FILE: system/library/template/php.php
REGEX: ~(require|include)(_once)?\(([^)]+)~
LINE: 18

FILE: system/library/template/tiwg.php
REGEX: ~(require|include)(_once)?\(([^)]+)~
LINE: 24
----------------------------------------------------------------
MOD: Tweak for OpenCart 2x Russkaya sborka

FILE: admin/view/template/common/header.tpl
CODE: <?php foreach ($links as $link) { ?>
LINE: 33
CODE: <li><a href="http://www.opencart.com" target="_blank"><?php echo $text_homepage; ?></a></li>
LINE: 81
CODE: <li><a href="http://docs.opencart.com" target="_blank"><?php echo $text_documentation; ?></a></li>
LINE: 84
CODE: <li><a href="http://forum.opencart.com" target="_blank"><?php echo $text_support; ?></a></li>
LINE: 87

FILE: admin/view/template/catalog/product_form.tpl
CODE: <label class="col-sm-2 control-label" for="input-sku"><span data-toggle="tooltip" title="<?php echo $help_sku; ?>"><?php echo $entry_sku; ?></span></label>
LINE: 109
CODE: <label class="col-sm-2 control-label" for="input-sku">
LINE: 115
CODE: <label class="col-sm-2 control-label" for="input-location"><?php echo $entry_location; ?></label>
LINE: 155
CODE: <input type="text" name="model" value="<?php echo $model; ?>" placeholder="<?php echo $entry_model; ?>" id="input-model" class="form-control" />
LINE: 101

FILE: admin/view/template/tool/backup.tpl
CODE: <input type="file" name="import" id="input-import" />
LINE: 36

FILE: admin/controller/common/filemanager.php
CODE: $this->load->language('common/filemanager');
LINE: 13
CODE: // Parent
LINE: 148
CODE: $pagination = new Pagination();
LINE: 209
CODE: $directory = rtrim(DIR_IMAGE . 'catalog/' . str_replace('*', '', $this->request->get['directory']), '/');
LINE: 33
CODE: public function index() {
LINE: 10
CODE: $filename = basename(html_entity_decode($file['name'], ENT_QUOTES, 'UTF-8'));
LINE: 272
CODE: $folder = basename(html_entity_decode($this->request->post['folder'], ENT_QUOTES, 'UTF-8'));
LINE: 352
CODE: $filter_name = rtrim(str_replace('*', '', $this->request->get['filter_name']), '/');
LINE: 31
CODE: if (substr(str_replace('\\', '/', realpath($directory . '/' . $filter_name)), 0, strlen(DIR_IMAGE . 'catalog')) == DIR_IMAGE . 'catalog') {
LINE: 61

FILE: admin/view/template/common/filemanager.tpl
CODE: <?php foreach (array_chunk($images, 4) as $image) { ?>
LINE: 34

FILE: catalog/controller/tool/upload.php
CODE: public function index() {
LINE: 10
CODE: $filename = basename(preg_replace('/[^a-zA-Z0-9\.\-\s+]/', '', html_entity_decode($this->request->files['file']['name'], ENT_QUOTES, 'UTF-8')));
LINE: 17
CODE: <script type="text/javascript" src="view/javascript/summernote/summernote.js"></script>
LINE: 939

FILE: admin/view/template/catalog/information_form.tpl
CODE: <script type="text/javascript" src="view/javascript/summernote/summernote.js"></script>
LINE: 209

FILE: admin/view/template/catalog/category_form.tpl
CODE: <script type="text/javascript" src="view/javascript/summernote/summernote.js"></script>
LINE: 241

FILE: admin/view/template/extension/module/html.tpl
CODE: <script type="text/javascript" src="view/javascript/summernote/summernote.js"></script>
LINE: 80

FILE: admin/view/template/marketing/contact.tpl
CODE: <script type="text/javascript" src="view/javascript/summernote/summernote.js"></script>
LINE: 95

FILE: admin/view/template/extension/extension.tpl
CODE: <?php echo $header; ?><?php echo $column_left; ?>
LINE: 1

FILE: admin/controller/common/column_left.php
CODE: $data['lastname'] = $user_info['lastname'];
LINE: 17
CODE: $data['lastname'] = '';
LINE: 31

FILE: system/library/pagination.php
CODE: $output .= '<li><a href="' . str_replace(array('&amp;page={page}', '&page={page}'), '', $this->url) . '">' . $this->text_first . '</a></li>';
LINE: 35
CODE: $output .= '<li><a href="' . str_replace(array('&amp;page={page}', '&page={page}'), '', $this->url) . '">' . $this->text_prev . '</a></li>';
LINE: 40
CODE: $output .= '<li><a href="' . str_replace(array('&amp;page={page}', '&page={page}'), '', $this->url) . '">' . $i . '</a></li>';
LINE: 72

FILE: catalog/controller/startup/startup.php
CODE: $this->registry->set('openbay', new Openbay($this->registry));
LINE: 196

FILE: catalog/controller/information/contact.php
CODE: $mail->setFrom($this->request->post['email']);
LINE: 21
----------------------------------------------------------------
2018-02-15 16:21:18 - MOD: Modification Default

FILE: system/engine/action.php
REGEX: ~(require|include)(_once)?\(([^)]+)~
LINE: 41

FILE: system/engine/loader.php
REGEX: ~(require|include)(_once)?\(([^)]+)~
LINE: 49
LINE: 108
LINE: 120
LINE: 165

FILE: system/library/config.php
REGEX: ~(require|include)(_once)?\(([^)]+)~
LINE: 23

FILE: system/library/language.php
REGEX: ~(require|include)(_once)?\(([^)]+)~
LINE: 38
LINE: 40
LINE: 49
LINE: 51
LINE: 60
LINE: 62

FILE: system/library/template/php.php
REGEX: ~(require|include)(_once)?\(([^)]+)~
LINE: 18

FILE: system/library/template/tiwg.php
REGEX: ~(require|include)(_once)?\(([^)]+)~
LINE: 24
----------------------------------------------------------------
MOD: Tweak for OpenCart 2x Russkaya sborka

FILE: admin/view/template/common/header.tpl
CODE: <?php foreach ($links as $link) { ?>
LINE: 33
CODE: <li><a href="http://www.opencart.com" target="_blank"><?php echo $text_homepage; ?></a></li>
LINE: 81
CODE: <li><a href="http://docs.opencart.com" target="_blank"><?php echo $text_documentation; ?></a></li>
LINE: 84
CODE: <li><a href="http://forum.opencart.com" target="_blank"><?php echo $text_support; ?></a></li>
LINE: 87

FILE: admin/view/template/catalog/product_form.tpl
CODE: <label class="col-sm-2 control-label" for="input-sku"><span data-toggle="tooltip" title="<?php echo $help_sku; ?>"><?php echo $entry_sku; ?></span></label>
LINE: 109
CODE: <label class="col-sm-2 control-label" for="input-sku">
LINE: 115
CODE: <label class="col-sm-2 control-label" for="input-location"><?php echo $entry_location; ?></label>
LINE: 155
CODE: <input type="text" name="model" value="<?php echo $model; ?>" placeholder="<?php echo $entry_model; ?>" id="input-model" class="form-control" />
LINE: 101

FILE: admin/view/template/tool/backup.tpl
CODE: <input type="file" name="import" id="input-import" />
LINE: 36

FILE: admin/controller/common/filemanager.php
CODE: $this->load->language('common/filemanager');
LINE: 13
CODE: // Parent
LINE: 148
CODE: $pagination = new Pagination();
LINE: 209
CODE: $directory = rtrim(DIR_IMAGE . 'catalog/' . str_replace('*', '', $this->request->get['directory']), '/');
LINE: 33
CODE: public function index() {
LINE: 10
CODE: $filename = basename(html_entity_decode($file['name'], ENT_QUOTES, 'UTF-8'));
LINE: 272
CODE: $folder = basename(html_entity_decode($this->request->post['folder'], ENT_QUOTES, 'UTF-8'));
LINE: 352
CODE: $filter_name = rtrim(str_replace('*', '', $this->request->get['filter_name']), '/');
LINE: 31
CODE: if (substr(str_replace('\\', '/', realpath($directory . '/' . $filter_name)), 0, strlen(DIR_IMAGE . 'catalog')) == DIR_IMAGE . 'catalog') {
LINE: 61

FILE: admin/view/template/common/filemanager.tpl
CODE: <?php foreach (array_chunk($images, 4) as $image) { ?>
LINE: 34

FILE: catalog/controller/tool/upload.php
CODE: public function index() {
LINE: 10
CODE: $filename = basename(preg_replace('/[^a-zA-Z0-9\.\-\s+]/', '', html_entity_decode($this->request->files['file']['name'], ENT_QUOTES, 'UTF-8')));
LINE: 17
CODE: <script type="text/javascript" src="view/javascript/summernote/summernote.js"></script>
LINE: 939

FILE: admin/view/template/catalog/information_form.tpl
CODE: <script type="text/javascript" src="view/javascript/summernote/summernote.js"></script>
LINE: 209

FILE: admin/view/template/catalog/category_form.tpl
CODE: <script type="text/javascript" src="view/javascript/summernote/summernote.js"></script>
LINE: 241

FILE: admin/view/template/extension/module/html.tpl
CODE: <script type="text/javascript" src="view/javascript/summernote/summernote.js"></script>
LINE: 80

FILE: admin/view/template/marketing/contact.tpl
CODE: <script type="text/javascript" src="view/javascript/summernote/summernote.js"></script>
LINE: 95

FILE: admin/view/template/extension/extension.tpl
CODE: <?php echo $header; ?><?php echo $column_left; ?>
LINE: 1

FILE: admin/controller/common/column_left.php
CODE: $data['lastname'] = $user_info['lastname'];
LINE: 17
CODE: $data['lastname'] = '';
LINE: 31

FILE: system/library/pagination.php
CODE: $output .= '<li><a href="' . str_replace(array('&amp;page={page}', '&page={page}'), '', $this->url) . '">' . $this->text_first . '</a></li>';
LINE: 35
CODE: $output .= '<li><a href="' . str_replace(array('&amp;page={page}', '&page={page}'), '', $this->url) . '">' . $this->text_prev . '</a></li>';
LINE: 40
CODE: $output .= '<li><a href="' . str_replace(array('&amp;page={page}', '&page={page}'), '', $this->url) . '">' . $i . '</a></li>';
LINE: 72

FILE: catalog/controller/startup/startup.php
CODE: $this->registry->set('openbay', new Openbay($this->registry));
LINE: 196

FILE: catalog/controller/information/contact.php
CODE: $mail->setFrom($this->request->post['email']);
LINE: 21
----------------------------------------------------------------
2018-02-15 16:21:25 - MOD: Modification Default

FILE: system/engine/action.php
REGEX: ~(require|include)(_once)?\(([^)]+)~
LINE: 41

FILE: system/engine/loader.php
REGEX: ~(require|include)(_once)?\(([^)]+)~
LINE: 49
LINE: 108
LINE: 120
LINE: 165

FILE: system/library/config.php
REGEX: ~(require|include)(_once)?\(([^)]+)~
LINE: 23

FILE: system/library/language.php
REGEX: ~(require|include)(_once)?\(([^)]+)~
LINE: 38
LINE: 40
LINE: 49
LINE: 51
LINE: 60
LINE: 62

FILE: system/library/template/php.php
REGEX: ~(require|include)(_once)?\(([^)]+)~
LINE: 18

FILE: system/library/template/tiwg.php
REGEX: ~(require|include)(_once)?\(([^)]+)~
LINE: 24
----------------------------------------------------------------
MOD: Tweak for OpenCart 2x Russkaya sborka

FILE: admin/view/template/common/header.tpl
CODE: <?php foreach ($links as $link) { ?>
LINE: 33
CODE: <li><a href="http://www.opencart.com" target="_blank"><?php echo $text_homepage; ?></a></li>
LINE: 81
CODE: <li><a href="http://docs.opencart.com" target="_blank"><?php echo $text_documentation; ?></a></li>
LINE: 84
CODE: <li><a href="http://forum.opencart.com" target="_blank"><?php echo $text_support; ?></a></li>
LINE: 87

FILE: admin/view/template/catalog/product_form.tpl
CODE: <label class="col-sm-2 control-label" for="input-sku"><span data-toggle="tooltip" title="<?php echo $help_sku; ?>"><?php echo $entry_sku; ?></span></label>
LINE: 109
CODE: <label class="col-sm-2 control-label" for="input-sku">
LINE: 115
CODE: <label class="col-sm-2 control-label" for="input-location"><?php echo $entry_location; ?></label>
LINE: 155
CODE: <input type="text" name="model" value="<?php echo $model; ?>" placeholder="<?php echo $entry_model; ?>" id="input-model" class="form-control" />
LINE: 101

FILE: admin/view/template/tool/backup.tpl
CODE: <input type="file" name="import" id="input-import" />
LINE: 36

FILE: admin/controller/common/filemanager.php
CODE: $this->load->language('common/filemanager');
LINE: 13
CODE: // Parent
LINE: 148
CODE: $pagination = new Pagination();
LINE: 209
CODE: $directory = rtrim(DIR_IMAGE . 'catalog/' . str_replace('*', '', $this->request->get['directory']), '/');
LINE: 33
CODE: public function index() {
LINE: 10
CODE: $filename = basename(html_entity_decode($file['name'], ENT_QUOTES, 'UTF-8'));
LINE: 272
CODE: $folder = basename(html_entity_decode($this->request->post['folder'], ENT_QUOTES, 'UTF-8'));
LINE: 352
CODE: $filter_name = rtrim(str_replace('*', '', $this->request->get['filter_name']), '/');
LINE: 31
CODE: if (substr(str_replace('\\', '/', realpath($directory . '/' . $filter_name)), 0, strlen(DIR_IMAGE . 'catalog')) == DIR_IMAGE . 'catalog') {
LINE: 61

FILE: admin/view/template/common/filemanager.tpl
CODE: <?php foreach (array_chunk($images, 4) as $image) { ?>
LINE: 34

FILE: catalog/controller/tool/upload.php
CODE: public function index() {
LINE: 10
CODE: $filename = basename(preg_replace('/[^a-zA-Z0-9\.\-\s+]/', '', html_entity_decode($this->request->files['file']['name'], ENT_QUOTES, 'UTF-8')));
LINE: 17
CODE: <script type="text/javascript" src="view/javascript/summernote/summernote.js"></script>
LINE: 939

FILE: admin/view/template/catalog/information_form.tpl
CODE: <script type="text/javascript" src="view/javascript/summernote/summernote.js"></script>
LINE: 209

FILE: admin/view/template/catalog/category_form.tpl
CODE: <script type="text/javascript" src="view/javascript/summernote/summernote.js"></script>
LINE: 241

FILE: admin/view/template/extension/module/html.tpl
CODE: <script type="text/javascript" src="view/javascript/summernote/summernote.js"></script>
LINE: 80

FILE: admin/view/template/marketing/contact.tpl
CODE: <script type="text/javascript" src="view/javascript/summernote/summernote.js"></script>
LINE: 95

FILE: admin/view/template/extension/extension.tpl
CODE: <?php echo $header; ?><?php echo $column_left; ?>
LINE: 1

FILE: admin/controller/common/column_left.php
CODE: $data['lastname'] = $user_info['lastname'];
LINE: 17
CODE: $data['lastname'] = '';
LINE: 31

FILE: system/library/pagination.php
CODE: $output .= '<li><a href="' . str_replace(array('&amp;page={page}', '&page={page}'), '', $this->url) . '">' . $this->text_first . '</a></li>';
LINE: 35
CODE: $output .= '<li><a href="' . str_replace(array('&amp;page={page}', '&page={page}'), '', $this->url) . '">' . $this->text_prev . '</a></li>';
LINE: 40
CODE: $output .= '<li><a href="' . str_replace(array('&amp;page={page}', '&page={page}'), '', $this->url) . '">' . $i . '</a></li>';
LINE: 72

FILE: catalog/controller/startup/startup.php
CODE: $this->registry->set('openbay', new Openbay($this->registry));
LINE: 196

FILE: catalog/controller/information/contact.php
CODE: $mail->setFrom($this->request->post['email']);
LINE: 21
----------------------------------------------------------------
2018-02-15 16:22:49 - MOD: Modification Default

FILE: system/engine/action.php
REGEX: ~(require|include)(_once)?\(([^)]+)~
LINE: 41

FILE: system/engine/loader.php
REGEX: ~(require|include)(_once)?\(([^)]+)~
LINE: 49
LINE: 108
LINE: 120
LINE: 165

FILE: system/library/config.php
REGEX: ~(require|include)(_once)?\(([^)]+)~
LINE: 23

FILE: system/library/language.php
REGEX: ~(require|include)(_once)?\(([^)]+)~
LINE: 38
LINE: 40
LINE: 49
LINE: 51
LINE: 60
LINE: 62

FILE: system/library/template/php.php
REGEX: ~(require|include)(_once)?\(([^)]+)~
LINE: 18

FILE: system/library/template/tiwg.php
REGEX: ~(require|include)(_once)?\(([^)]+)~
LINE: 24
----------------------------------------------------------------
MOD: Tweak for OpenCart 2x Russkaya sborka

FILE: admin/view/template/common/header.tpl
CODE: <?php foreach ($links as $link) { ?>
LINE: 33
CODE: <li><a href="http://www.opencart.com" target="_blank"><?php echo $text_homepage; ?></a></li>
LINE: 81
CODE: <li><a href="http://docs.opencart.com" target="_blank"><?php echo $text_documentation; ?></a></li>
LINE: 84
CODE: <li><a href="http://forum.opencart.com" target="_blank"><?php echo $text_support; ?></a></li>
LINE: 87

FILE: admin/view/template/catalog/product_form.tpl
CODE: <label class="col-sm-2 control-label" for="input-sku"><span data-toggle="tooltip" title="<?php echo $help_sku; ?>"><?php echo $entry_sku; ?></span></label>
LINE: 109
CODE: <label class="col-sm-2 control-label" for="input-sku">
LINE: 115
CODE: <label class="col-sm-2 control-label" for="input-location"><?php echo $entry_location; ?></label>
LINE: 155
CODE: <input type="text" name="model" value="<?php echo $model; ?>" placeholder="<?php echo $entry_model; ?>" id="input-model" class="form-control" />
LINE: 101

FILE: admin/view/template/tool/backup.tpl
CODE: <input type="file" name="import" id="input-import" />
LINE: 36

FILE: admin/controller/common/filemanager.php
CODE: $this->load->language('common/filemanager');
LINE: 13
CODE: // Parent
LINE: 148
CODE: $pagination = new Pagination();
LINE: 209
CODE: $directory = rtrim(DIR_IMAGE . 'catalog/' . str_replace('*', '', $this->request->get['directory']), '/');
LINE: 33
CODE: public function index() {
LINE: 10
CODE: $filename = basename(html_entity_decode($file['name'], ENT_QUOTES, 'UTF-8'));
LINE: 272
CODE: $folder = basename(html_entity_decode($this->request->post['folder'], ENT_QUOTES, 'UTF-8'));
LINE: 352
CODE: $filter_name = rtrim(str_replace('*', '', $this->request->get['filter_name']), '/');
LINE: 31
CODE: if (substr(str_replace('\\', '/', realpath($directory . '/' . $filter_name)), 0, strlen(DIR_IMAGE . 'catalog')) == DIR_IMAGE . 'catalog') {
LINE: 61

FILE: admin/view/template/common/filemanager.tpl
CODE: <?php foreach (array_chunk($images, 4) as $image) { ?>
LINE: 34

FILE: catalog/controller/tool/upload.php
CODE: public function index() {
LINE: 10
CODE: $filename = basename(preg_replace('/[^a-zA-Z0-9\.\-\s+]/', '', html_entity_decode($this->request->files['file']['name'], ENT_QUOTES, 'UTF-8')));
LINE: 17
CODE: <script type="text/javascript" src="view/javascript/summernote/summernote.js"></script>
LINE: 939

FILE: admin/view/template/catalog/information_form.tpl
CODE: <script type="text/javascript" src="view/javascript/summernote/summernote.js"></script>
LINE: 209

FILE: admin/view/template/catalog/category_form.tpl
CODE: <script type="text/javascript" src="view/javascript/summernote/summernote.js"></script>
LINE: 241

FILE: admin/view/template/extension/module/html.tpl
CODE: <script type="text/javascript" src="view/javascript/summernote/summernote.js"></script>
LINE: 80

FILE: admin/view/template/marketing/contact.tpl
CODE: <script type="text/javascript" src="view/javascript/summernote/summernote.js"></script>
LINE: 95

FILE: admin/view/template/extension/extension.tpl
CODE: <?php echo $header; ?><?php echo $column_left; ?>
LINE: 1

FILE: admin/controller/common/column_left.php
CODE: $data['lastname'] = $user_info['lastname'];
LINE: 17
CODE: $data['lastname'] = '';
LINE: 31

FILE: system/library/pagination.php
CODE: $output .= '<li><a href="' . str_replace(array('&amp;page={page}', '&page={page}'), '', $this->url) . '">' . $this->text_first . '</a></li>';
LINE: 35
CODE: $output .= '<li><a href="' . str_replace(array('&amp;page={page}', '&page={page}'), '', $this->url) . '">' . $this->text_prev . '</a></li>';
LINE: 40
CODE: $output .= '<li><a href="' . str_replace(array('&amp;page={page}', '&page={page}'), '', $this->url) . '">' . $i . '</a></li>';
LINE: 72

FILE: catalog/controller/startup/startup.php
CODE: $this->registry->set('openbay', new Openbay($this->registry));
LINE: 196

FILE: catalog/controller/information/contact.php
CODE: $mail->setFrom($this->request->post['email']);
LINE: 21
----------------------------------------------------------------
2018-02-16 11:05:27 - MOD: Modification Default

FILE: system/engine/action.php
REGEX: ~(require|include)(_once)?\(([^)]+)~
LINE: 41

FILE: system/engine/loader.php
REGEX: ~(require|include)(_once)?\(([^)]+)~
LINE: 49
LINE: 108
LINE: 120
LINE: 165

FILE: system/library/config.php
REGEX: ~(require|include)(_once)?\(([^)]+)~
LINE: 23

FILE: system/library/language.php
REGEX: ~(require|include)(_once)?\(([^)]+)~
LINE: 38
LINE: 40
LINE: 49
LINE: 51
LINE: 60
LINE: 62

FILE: system/library/template/php.php
REGEX: ~(require|include)(_once)?\(([^)]+)~
LINE: 18

FILE: system/library/template/tiwg.php
REGEX: ~(require|include)(_once)?\(([^)]+)~
LINE: 24
----------------------------------------------------------------
MOD: Tweak for OpenCart 2x Russkaya sborka

FILE: admin/view/template/common/header.tpl
CODE: <?php foreach ($links as $link) { ?>
LINE: 33
CODE: <li><a href="http://www.opencart.com" target="_blank"><?php echo $text_homepage; ?></a></li>
LINE: 81
CODE: <li><a href="http://docs.opencart.com" target="_blank"><?php echo $text_documentation; ?></a></li>
LINE: 84
CODE: <li><a href="http://forum.opencart.com" target="_blank"><?php echo $text_support; ?></a></li>
LINE: 87

FILE: admin/view/template/catalog/product_form.tpl
CODE: <label class="col-sm-2 control-label" for="input-sku"><span data-toggle="tooltip" title="<?php echo $help_sku; ?>"><?php echo $entry_sku; ?></span></label>
LINE: 109
CODE: <label class="col-sm-2 control-label" for="input-sku">
LINE: 115
CODE: <label class="col-sm-2 control-label" for="input-location"><?php echo $entry_location; ?></label>
LINE: 155
CODE: <input type="text" name="model" value="<?php echo $model; ?>" placeholder="<?php echo $entry_model; ?>" id="input-model" class="form-control" />
LINE: 101

FILE: admin/view/template/tool/backup.tpl
CODE: <input type="file" name="import" id="input-import" />
LINE: 36

FILE: admin/controller/common/filemanager.php
CODE: $this->load->language('common/filemanager');
LINE: 13
CODE: // Parent
LINE: 148
CODE: $pagination = new Pagination();
LINE: 209
CODE: $directory = rtrim(DIR_IMAGE . 'catalog/' . str_replace('*', '', $this->request->get['directory']), '/');
LINE: 33
CODE: public function index() {
LINE: 10
CODE: $filename = basename(html_entity_decode($file['name'], ENT_QUOTES, 'UTF-8'));
LINE: 272
CODE: $folder = basename(html_entity_decode($this->request->post['folder'], ENT_QUOTES, 'UTF-8'));
LINE: 352
CODE: $filter_name = rtrim(str_replace('*', '', $this->request->get['filter_name']), '/');
LINE: 31
CODE: if (substr(str_replace('\\', '/', realpath($directory . '/' . $filter_name)), 0, strlen(DIR_IMAGE . 'catalog')) == DIR_IMAGE . 'catalog') {
LINE: 61

FILE: admin/view/template/common/filemanager.tpl
CODE: <?php foreach (array_chunk($images, 4) as $image) { ?>
LINE: 34

FILE: catalog/controller/tool/upload.php
CODE: public function index() {
LINE: 10
CODE: $filename = basename(preg_replace('/[^a-zA-Z0-9\.\-\s+]/', '', html_entity_decode($this->request->files['file']['name'], ENT_QUOTES, 'UTF-8')));
LINE: 17
CODE: <script type="text/javascript" src="view/javascript/summernote/summernote.js"></script>
LINE: 939

FILE: admin/view/template/catalog/information_form.tpl
CODE: <script type="text/javascript" src="view/javascript/summernote/summernote.js"></script>
LINE: 209

FILE: admin/view/template/catalog/category_form.tpl
CODE: <script type="text/javascript" src="view/javascript/summernote/summernote.js"></script>
LINE: 241

FILE: admin/view/template/extension/module/html.tpl
CODE: <script type="text/javascript" src="view/javascript/summernote/summernote.js"></script>
LINE: 80

FILE: admin/view/template/marketing/contact.tpl
CODE: <script type="text/javascript" src="view/javascript/summernote/summernote.js"></script>
LINE: 95

FILE: admin/view/template/extension/extension.tpl
CODE: <?php echo $header; ?><?php echo $column_left; ?>
LINE: 1

FILE: admin/controller/common/column_left.php
CODE: $data['lastname'] = $user_info['lastname'];
LINE: 17
CODE: $data['lastname'] = '';
LINE: 31

FILE: system/library/pagination.php
CODE: $output .= '<li><a href="' . str_replace(array('&amp;page={page}', '&page={page}'), '', $this->url) . '">' . $this->text_first . '</a></li>';
LINE: 35
CODE: $output .= '<li><a href="' . str_replace(array('&amp;page={page}', '&page={page}'), '', $this->url) . '">' . $this->text_prev . '</a></li>';
LINE: 40
CODE: $output .= '<li><a href="' . str_replace(array('&amp;page={page}', '&page={page}'), '', $this->url) . '">' . $i . '</a></li>';
LINE: 72

FILE: catalog/controller/startup/startup.php
CODE: $this->registry->set('openbay', new Openbay($this->registry));
LINE: 196

FILE: catalog/controller/information/contact.php
CODE: $mail->setFrom($this->request->post['email']);
LINE: 21
----------------------------------------------------------------
2018-02-16 11:26:10 - MOD: Modification Default

FILE: system/engine/action.php
REGEX: ~(require|include)(_once)?\(([^)]+)~
LINE: 41

FILE: system/engine/loader.php
REGEX: ~(require|include)(_once)?\(([^)]+)~
LINE: 49
LINE: 108
LINE: 120
LINE: 165

FILE: system/library/config.php
REGEX: ~(require|include)(_once)?\(([^)]+)~
LINE: 23

FILE: system/library/language.php
REGEX: ~(require|include)(_once)?\(([^)]+)~
LINE: 38
LINE: 40
LINE: 49
LINE: 51
LINE: 60
LINE: 62

FILE: system/library/template/php.php
REGEX: ~(require|include)(_once)?\(([^)]+)~
LINE: 18

FILE: system/library/template/tiwg.php
REGEX: ~(require|include)(_once)?\(([^)]+)~
LINE: 24
----------------------------------------------------------------
MOD: Tweak for OpenCart 2x Russkaya sborka

FILE: admin/view/template/common/header.tpl
CODE: <?php foreach ($links as $link) { ?>
LINE: 33
CODE: <li><a href="http://www.opencart.com" target="_blank"><?php echo $text_homepage; ?></a></li>
LINE: 81
CODE: <li><a href="http://docs.opencart.com" target="_blank"><?php echo $text_documentation; ?></a></li>
LINE: 84
CODE: <li><a href="http://forum.opencart.com" target="_blank"><?php echo $text_support; ?></a></li>
LINE: 87

FILE: admin/view/template/catalog/product_form.tpl
CODE: <label class="col-sm-2 control-label" for="input-sku"><span data-toggle="tooltip" title="<?php echo $help_sku; ?>"><?php echo $entry_sku; ?></span></label>
LINE: 109
CODE: <label class="col-sm-2 control-label" for="input-sku">
LINE: 115
CODE: <label class="col-sm-2 control-label" for="input-location"><?php echo $entry_location; ?></label>
LINE: 155
CODE: <input type="text" name="model" value="<?php echo $model; ?>" placeholder="<?php echo $entry_model; ?>" id="input-model" class="form-control" />
LINE: 101

FILE: admin/view/template/tool/backup.tpl
CODE: <input type="file" name="import" id="input-import" />
LINE: 36

FILE: admin/controller/common/filemanager.php
CODE: $this->load->language('common/filemanager');
LINE: 13
CODE: // Parent
LINE: 148
CODE: $pagination = new Pagination();
LINE: 209
CODE: $directory = rtrim(DIR_IMAGE . 'catalog/' . str_replace('*', '', $this->request->get['directory']), '/');
LINE: 33
CODE: public function index() {
LINE: 10
CODE: $filename = basename(html_entity_decode($file['name'], ENT_QUOTES, 'UTF-8'));
LINE: 272
CODE: $folder = basename(html_entity_decode($this->request->post['folder'], ENT_QUOTES, 'UTF-8'));
LINE: 352
CODE: $filter_name = rtrim(str_replace('*', '', $this->request->get['filter_name']), '/');
LINE: 31
CODE: if (substr(str_replace('\\', '/', realpath($directory . '/' . $filter_name)), 0, strlen(DIR_IMAGE . 'catalog')) == DIR_IMAGE . 'catalog') {
LINE: 61

FILE: admin/view/template/common/filemanager.tpl
CODE: <?php foreach (array_chunk($images, 4) as $image) { ?>
LINE: 34

FILE: catalog/controller/tool/upload.php
CODE: public function index() {
LINE: 10
CODE: $filename = basename(preg_replace('/[^a-zA-Z0-9\.\-\s+]/', '', html_entity_decode($this->request->files['file']['name'], ENT_QUOTES, 'UTF-8')));
LINE: 17
CODE: <script type="text/javascript" src="view/javascript/summernote/summernote.js"></script>
LINE: 939

FILE: admin/view/template/catalog/information_form.tpl
CODE: <script type="text/javascript" src="view/javascript/summernote/summernote.js"></script>
LINE: 209

FILE: admin/view/template/catalog/category_form.tpl
CODE: <script type="text/javascript" src="view/javascript/summernote/summernote.js"></script>
LINE: 241

FILE: admin/view/template/extension/module/html.tpl
CODE: <script type="text/javascript" src="view/javascript/summernote/summernote.js"></script>
LINE: 80

FILE: admin/view/template/marketing/contact.tpl
CODE: <script type="text/javascript" src="view/javascript/summernote/summernote.js"></script>
LINE: 95

FILE: admin/view/template/extension/extension.tpl
CODE: <?php echo $header; ?><?php echo $column_left; ?>
LINE: 1

FILE: admin/controller/common/column_left.php
CODE: $data['lastname'] = $user_info['lastname'];
LINE: 17
CODE: $data['lastname'] = '';
LINE: 31

FILE: system/library/pagination.php
CODE: $output .= '<li><a href="' . str_replace(array('&amp;page={page}', '&page={page}'), '', $this->url) . '">' . $this->text_first . '</a></li>';
LINE: 35
CODE: $output .= '<li><a href="' . str_replace(array('&amp;page={page}', '&page={page}'), '', $this->url) . '">' . $this->text_prev . '</a></li>';
LINE: 40
CODE: $output .= '<li><a href="' . str_replace(array('&amp;page={page}', '&page={page}'), '', $this->url) . '">' . $i . '</a></li>';
LINE: 72

FILE: catalog/controller/startup/startup.php
CODE: $this->registry->set('openbay', new Openbay($this->registry));
LINE: 196

FILE: catalog/controller/information/contact.php
CODE: $mail->setFrom($this->request->post['email']);
LINE: 21
----------------------------------------------------------------
MOD: Fast Order modification

FILE: catalog/view/theme/default/template/product/product.tpl
CODE: <button type="button" id="button-cart" data-loading-text="<?php echo $text_loading; ?>" class="btn btn-primary btn-lg btn-block"><?php echo $button_cart; ?></button>
LINE: 300

FILE: catalog/controller/product/product.php
CODE: $this->model_catalog_product->updateViewed($this->request->get['product_id']);
LINE: 472

FILE: catalog/view/theme/default/template/product/category.tpl
CODE: <div class="button-group">
LINE: 181

FILE: catalog/controller/product/category.php
CODE: 'rating'      => $result['rating'],
LINE: 232
CODE: if (file_exists(DIR_TEMPLATE . $this->config->get('config_template') . '/template/product/category.tpl'))
NOT FOUND - OPERATIONS ABORTED!

FILE: catalog/view/theme/default/template/common/footer.tpl
CODE: </body>
LINE: 89
----------------------------------------------------------------
